#
# A fatal error has been detected by the Java Runtime Environment:
#
#  EXCEPTION_ACCESS_VIOLATION (0xc0000005) at pc=0x00007ffa26ed1510, pid=30600, tid=29300
#
# JRE version: OpenJDK Runtime Environment (20.0+36) (build 20+36-2344)
# Java VM: OpenJDK 64-Bit Server VM (20+36-2344, mixed mode, sharing, tiered, compressed oops, compressed class ptrs, g1 gc, windows-amd64)
# Problematic frame:
# V  [jvm.dll+0x6e1510]
#
# No core dump will be written. Minidumps are not enabled by default on client versions of Windows
#
# If you would like to submit a bug report, please visit:
#   https://bugreport.java.com/bugreport/crash.jsp
#

---------------  S U M M A R Y ------------

Command Line: -ea -javaagent:C:\Users\ejkru\AppData\Local\JetBrains\IdeaIC2023.3\testAgent\intellij-coverage-agent-1.0.738.jar=C:\Users\ejkru\AppData\Local\Temp\coverage2163args -Didea.test.cyclic.buffer.size=1048576 -javaagent:C:\Program Files\JetBrains\IntelliJ IDEA Community Edition 2023.3.2\lib\idea_rt.jar=54650:C:\Program Files\JetBrains\IntelliJ IDEA Community Edition 2023.3.2\bin -Dfile.encoding=UTF-8 -Dsun.stdout.encoding=UTF-8 -Dsun.stderr.encoding=UTF-8 com.intellij.rt.junit.JUnitStarter -ideVersion5 -junit5 game.GameTests

Host: AMD Ryzen 7 5700                               , 16 cores, 15G,  Windows 11 , 64 bit Build 22621 (10.0.22621.3085)
Time: Sat Feb 17 21:31:15 2024 Eastern Standard Time elapsed time: 0.977531 seconds (0d 0h 0m 0s)

---------------  T H R E A D  ---------------

Current thread (0x00000215467c5ff0):  JavaThread "C2 CompilerThread1" daemon [_thread_in_native, id=29300, stack(0x0000009039100000,0x0000009039200000)]


Current CompileTask:
C2:    977 2611       4       java.util.regex.Pattern$CharPropertyGreedy::match (160 bytes)

Stack: [0x0000009039100000,0x0000009039200000],  sp=0x00000090391fb8b0,  free space=1006k
Native frames: (J=compiled Java code, j=interpreted, Vv=VM code, C=native code)
V  [jvm.dll+0x6e1510]
V  [jvm.dll+0x6e54c8]
V  [jvm.dll+0x1e6f06]
V  [jvm.dll+0x24b3ab]
V  [jvm.dll+0x24a651]
V  [jvm.dll+0x1ce491]
V  [jvm.dll+0x259e1b]
V  [jvm.dll+0x2584f0]
V  [jvm.dll+0x3f2895]
V  [jvm.dll+0x7f4906]
V  [jvm.dll+0x6ba5cb]
C  [ucrtbase.dll+0x29363]
C  [KERNEL32.DLL+0x1257d]
C  [ntdll.dll+0x5aa58]


siginfo: EXCEPTION_ACCESS_VIOLATION (0xc0000005), reading address 0xffffffffffffffff


Registers:
RAX=0x00000215465007c0, RBX=0x0000021549ed5eb8, RCX=0x080002154aaee560, RDX=0x0000021549ed5eb8
RSP=0x00000090391fb8b0, RBP=0x0000021549ed5eb8, RSI=0x0000000000000256, RDI=0x000002154aaee4b8
R8 =0x0000000000000003, R9 =0x0000000000000000, R10=0x0000000000000001, R11=0x000002154aaedf80
R12=0x080002154aaee560, R13=0x000002154aaee4b8, R14=0x0000000000000256, R15=0x00000215465007d8
RIP=0x00007ffa26ed1510, EFLAGS=0x0000000000010246


Register to memory mapping:

RIP=0x00007ffa26ed1510 jvm.dll
RAX=0x00000215465007c0 points into unknown readable memory: 0x0000021546764380 | 80 43 76 46 15 02 00 00
RBX=0x0000021549ed5eb8 points into unknown readable memory: 0x00007ffa271314c0 | c0 14 13 27 fa 7f 00 00
RCX=0x080002154aaee560 is an unknown value
RDX=0x0000021549ed5eb8 points into unknown readable memory: 0x00007ffa271314c0 | c0 14 13 27 fa 7f 00 00
RSP=0x00000090391fb8b0 is pointing into the stack for thread: 0x00000215467c5ff0
RBP=0x0000021549ed5eb8 points into unknown readable memory: 0x00007ffa271314c0 | c0 14 13 27 fa 7f 00 00
RSI=0x0000000000000256 is an unknown value
RDI=0x000002154aaee4b8 points into unknown readable memory: 0x00007ffa27148ef8 | f8 8e 14 27 fa 7f 00 00
R8 =0x0000000000000003 is an unknown value
R9 =0x0 is NULL
R10=0x0000000000000001 is an unknown value
R11=0x000002154aaedf80 points into unknown readable memory: 0x00007ffa27148ef8 | f8 8e 14 27 fa 7f 00 00
R12=0x080002154aaee560 is an unknown value
R13=0x000002154aaee4b8 points into unknown readable memory: 0x00007ffa27148ef8 | f8 8e 14 27 fa 7f 00 00
R14=0x0000000000000256 is an unknown value
R15=0x00000215465007d8 points into unknown readable memory: 0x0000021546502ab0 | b0 2a 50 46 15 02 00 00


Top of Stack: (sp=0x00000090391fb8b0)
0x00000090391fb8b0:   0000000000000008 0000021547466f78
0x00000090391fb8c0:   000002154ac20d00 000002154ac20d00
0x00000090391fb8d0:   000002154ac20d00 0000000000000256
0x00000090391fb8e0:   000002154aaee4b8 0000000000000256
0x00000090391fb8f0:   000002154ac1f9f8 000002154ac1f9e8
0x00000090391fb900:   00000000000012b0 00007ffa26ed54c8
0x00000090391fb910:   080002154aaee560 0000021549ed5eb8
0x00000090391fb920:   080002154aaee560 0000021547466f78
0x00000090391fb930:   000002154ac20d00 000002154ac1f9e8
0x00000090391fb940:   0000000000000001 00000000ffffffff
0x00000090391fb950:   000002154ac1f9e8 000002154ac1f9f8
0x00000090391fb960:   0000021547466f78 000002154aaee4b8
0x00000090391fb970:   0000000000000010 0000021549ed5eb8
0x00000090391fb980:   000002154ac74bd0 00007ffa00000032
0x00000090391fb990:   000002154ac749a8 0000021546502b18
0x00000090391fb9a0:   000002154ac74780 0000021546502ad8
0x00000090391fb9b0:   00000215466c3660 000002154ac6e640
0x00000090391fb9c0:   000002154ac74780 000002154ac76628
0x00000090391fb9d0:   0000000000028310 0000021549d64d20
0x00000090391fb9e0:   0000000000000178 0000000000000000
0x00000090391fb9f0:   000000000000752f 00007ffa269d75d3
0x00000090391fba00:   000000000000752f 000002154af22a50
0x00000090391fba10:   000002154af22a88 00007ffa27149228
0x00000090391fba20:   0000000000000000 0000000200000175
0x00000090391fba30:   0000000200000002 0000021549cc4520
0x00000090391fba40:   0000021549d60000 0000000000000000
0x00000090391fba50:   0000000000000000 0000000000000000
0x00000090391fba60:   0000000000000000 00007ffa271cf358
0x00000090391fba70:   0000000000000000 0000000000000000
0x00000090391fba80:   0000000000000000 00007ffa271cf358
0x00000090391fba90:   0000000000000000 00007ffa27149238
0x00000090391fbaa0:   0000000000000000 0000021549144ae0 

Instructions: (pc=0x00007ffa26ed1510)
0x00007ffa26ed1410:   24 58 48 8b 6c 24 50 48 83 c4 30 41 5c 5e 5b c3
0x00007ffa26ed1420:   48 89 5c 24 08 57 8b 81 90 09 00 00 48 8b fa 4c
0x00007ffa26ed1430:   8b 99 a8 09 00 00 48 8b d9 85 c0 74 53 45 33 c0
0x00007ffa26ed1440:   44 8b d0 0f 1f 40 00 66 0f 1f 84 00 00 00 00 00
0x00007ffa26ed1450:   4c 8b 8b a0 09 00 00 4b 8b 04 01 48 85 c0 74 26
0x00007ffa26ed1460:   49 3b c3 74 21 8b 48 28 8b c1 c1 e8 05 3b 07 73
0x00007ffa26ed1470:   11 8b d0 83 e1 1f 48 8b 47 08 8b 04 90 0f a3 c8
0x00007ffa26ed1480:   72 04 4f 89 1c 01 49 83 c0 08 49 83 ea 01 75 c0
0x00007ffa26ed1490:   48 8d 4b 58 33 d2 41 b8 30 09 00 00 48 8b 5c 24
0x00007ffa26ed14a0:   10 5f e9 bb 58 1c 00 cc cc cc cc cc cc cc cc cc
0x00007ffa26ed14b0:   40 53 41 54 41 55 48 83 ec 40 4c 8b e9 48 8b da
0x00007ffa26ed14c0:   48 8b 49 10 48 89 4c 24 70 45 8b 65 20 49 ff cc
0x00007ffa26ed14d0:   4e 8d 24 e1 4c 89 64 24 60 4c 3b e1 0f 82 ea 01
0x00007ffa26ed14e0:   00 00 44 8b 05 df 29 51 00 65 48 8b 04 25 58 00
0x00007ffa26ed14f0:   00 00 48 89 6c 24 68 48 89 74 24 38 48 89 7c 24
0x00007ffa26ed1500:   30 4c 89 74 24 28 4c 89 7c 24 20 4e 8d 3c c0 90
0x00007ffa26ed1510:   49 8b 3c 24 45 33 f6 33 ed 44 8b 47 1c 45 85 c0
0x00007ffa26ed1520:   0f 84 75 01 00 00 41 bc 68 00 00 00 0f 1f 40 00
0x00007ffa26ed1530:   4c 8b 57 08 48 8d 34 ed 00 00 00 00 4e 8b 0c 16
0x00007ffa26ed1540:   4e 8d 1c 16 4d 3b cd 0f 85 35 01 00 00 8b 47 18
0x00007ffa26ed1550:   3b e8 73 78 4d 85 c9 74 2e 49 8b 49 10 48 85 c9
0x00007ffa26ed1560:   74 25 41 8b 41 20 48 8d 14 c1 66 0f 1f 44 00 00
0x00007ffa26ed1570:   48 39 7a f8 48 8d 52 f8 75 f6 ff c8 41 89 41 20
0x00007ffa26ed1580:   48 8b 0c c1 48 89 0a 49 89 1b 48 85 db 74 25 48
0x00007ffa26ed1590:   83 7b 10 00 74 1e 8b 53 20 3b 53 24 75 08 48 8b
0x00007ffa26ed15a0:   cb e8 fa 92 fb ff 8b 4b 20 48 8b 43 10 48 89 3c
0x00007ffa26ed15b0:   c8 ff 43 20 49 8b 07 41 80 3c 04 00 0f 85 bd 00
0x00007ffa26ed15c0:   00 00 e8 89 44 1c 00 e9 b3 00 00 00 4c 3b cb 0f
0x00007ffa26ed15d0:   84 aa 00 00 00 48 85 db 0f 84 97 00 00 00 41 3b
0x00007ffa26ed15e0:   c0 73 1e 8b c8 49 8b 14 ca 48 3b d3 74 0e 48 85
0x00007ffa26ed15f0:   d2 74 0e ff c0 41 3b c0 72 e9 eb 05 83 f8 ff 75
0x00007ffa26ed1600:   74 4d 85 c9 74 31 49 8b 49 10 48 85 c9 74 28 41 


Stack slot to memory mapping:
stack at sp + 0 slots: 0x0000000000000008 is an unknown value
stack at sp + 1 slots: 0x0000021547466f78 points into unknown readable memory: 0x00007ffa27135b90 | 90 5b 13 27 fa 7f 00 00
stack at sp + 2 slots: 0x000002154ac20d00 points into unknown readable memory: 0x00000215466c3660 | 60 36 6c 46 15 02 00 00
stack at sp + 3 slots: 0x000002154ac20d00 points into unknown readable memory: 0x00000215466c3660 | 60 36 6c 46 15 02 00 00
stack at sp + 4 slots: 0x000002154ac20d00 points into unknown readable memory: 0x00000215466c3660 | 60 36 6c 46 15 02 00 00
stack at sp + 5 slots: 0x0000000000000256 is an unknown value
stack at sp + 6 slots: 0x000002154aaee4b8 points into unknown readable memory: 0x00007ffa27148ef8 | f8 8e 14 27 fa 7f 00 00
stack at sp + 7 slots: 0x0000000000000256 is an unknown value


---------------  P R O C E S S  ---------------

Threads class SMR info:
_java_thread_list=0x00000215494bf060, length=22, elements={
0x0000021522281dc0, 0x00000215421c0800, 0x00000215421c17a0, 0x00000215421c5a90,
0x00000215421c6980, 0x00000215421c7800, 0x00000215421cd170, 0x00000215421cecf0,
0x00000215421ddd40, 0x00000215421cb6e0, 0x000002154660e3a0, 0x0000021546613e30,
0x00000215467c5ff0, 0x00000215468f68a0, 0x00000215421cbc30, 0x00000215421ca1a0,
0x0000021546a10290, 0x00000215473ed880, 0x00000215478f29c0, 0x0000021548def490,
0x0000021549d65870, 0x00000215491c7690
}

Java Threads: ( => current thread )
  0x0000021522281dc0 JavaThread "main" [_thread_blocked, id=15660, stack(0x0000009037f00000,0x0000009038000000)]
  0x00000215421c0800 JavaThread "Reference Handler" daemon [_thread_blocked, id=29932, stack(0x0000009038600000,0x0000009038700000)]
  0x00000215421c17a0 JavaThread "Finalizer" daemon [_thread_blocked, id=1796, stack(0x0000009038700000,0x0000009038800000)]
  0x00000215421c5a90 JavaThread "Signal Dispatcher" daemon [_thread_blocked, id=31608, stack(0x0000009038800000,0x0000009038900000)]
  0x00000215421c6980 JavaThread "Attach Listener" daemon [_thread_blocked, id=30760, stack(0x0000009038900000,0x0000009038a00000)]
  0x00000215421c7800 JavaThread "Service Thread" daemon [_thread_blocked, id=27672, stack(0x0000009038a00000,0x0000009038b00000)]
  0x00000215421cd170 JavaThread "Monitor Deflation Thread" daemon [_thread_blocked, id=29272, stack(0x0000009038b00000,0x0000009038c00000)]
  0x00000215421cecf0 JavaThread "C2 CompilerThread0" daemon [_thread_in_native, id=13428, stack(0x0000009038c00000,0x0000009038d00000)]
  0x00000215421ddd40 JavaThread "C1 CompilerThread0" daemon [_thread_blocked, id=26160, stack(0x0000009038d00000,0x0000009038e00000)]
  0x00000215421cb6e0 JavaThread "Common-Cleaner" daemon [_thread_blocked, id=16568, stack(0x0000009038e00000,0x0000009038f00000)]
  0x000002154660e3a0 JavaThread "C1 CompilerThread1" daemon [_thread_blocked, id=24960, stack(0x0000009038f00000,0x0000009039000000)]
  0x0000021546613e30 JavaThread "C1 CompilerThread2" daemon [_thread_blocked, id=8960, stack(0x0000009039000000,0x0000009039100000)]
=>0x00000215467c5ff0 JavaThread "C2 CompilerThread1" daemon [_thread_in_native, id=29300, stack(0x0000009039100000,0x0000009039200000)]
  0x00000215468f68a0 JavaThread "C1 CompilerThread3" daemon [_thread_blocked, id=31408, stack(0x0000009039200000,0x0000009039300000)]
  0x00000215421cbc30 JavaThread "Monitor Ctrl-Break" daemon [_thread_in_native, id=29000, stack(0x0000009039300000,0x0000009039400000)]
  0x00000215421ca1a0 JavaThread "Notification Thread" daemon [_thread_blocked, id=31964, stack(0x0000009039400000,0x0000009039500000)]
  0x0000021546a10290 JavaThread "C2 CompilerThread2" daemon [_thread_in_native, id=25056, stack(0x0000009039600000,0x0000009039700000)]
  0x00000215473ed880 JavaThread "C2 CompilerThread3" daemon [_thread_in_native, id=24392, stack(0x0000009039d00000,0x0000009039e00000)]
  0x00000215478f29c0 JavaThread "C2 CompilerThread4" daemon [_thread_in_native, id=32472, stack(0x0000009039e00000,0x0000009039f00000)]
  0x0000021548def490 JavaThread "C2 CompilerThread5" daemon [_thread_in_native, id=3484, stack(0x000000903a000000,0x000000903a100000)]
  0x0000021549d65870 JavaThread "C2 CompilerThread6" daemon [_thread_in_native, id=27052, stack(0x000000903a200000,0x000000903a300000)]
  0x00000215491c7690 JavaThread "C2 CompilerThread7" daemon [_thread_in_native, id=26564, stack(0x000000903a300000,0x000000903a400000)]

Other Threads:
  0x00000215421a4850 VMThread "VM Thread" [stack: 0x0000009038500000,0x0000009038600000] [id=29080]
  0x0000021522283df0 WatcherThread "VM Periodic Task Thread" [stack: 0x0000009039500000,0x0000009039600000] [id=2312]
  0x00000215222f73e0 WorkerThread "GC Thread#0" [stack: 0x0000009038000000,0x0000009038100000] [id=30304]
  0x00000215468513b0 WorkerThread "GC Thread#1" [stack: 0x0000009039700000,0x0000009039800000] [id=29732]
  0x00000215468510e0 WorkerThread "GC Thread#2" [stack: 0x0000009039800000,0x0000009039900000] [id=30184]
  0x00000215468505a0 WorkerThread "GC Thread#3" [stack: 0x0000009039900000,0x0000009039a00000] [id=30460]
  0x0000021546851ef0 WorkerThread "GC Thread#4" [stack: 0x0000009039a00000,0x0000009039b00000] [id=30444]
  0x0000021546850e10 WorkerThread "GC Thread#5" [stack: 0x0000009039b00000,0x0000009039c00000] [id=17684]
  0x0000021546851950 WorkerThread "GC Thread#6" [stack: 0x0000009039c00000,0x0000009039d00000] [id=26472]
  0x0000021548764580 WorkerThread "GC Thread#7" [stack: 0x0000009039f00000,0x000000903a000000] [id=23348]
  0x00000215223082e0 ConcurrentGCThread "G1 Main Marker" [stack: 0x0000009038100000,0x0000009038200000] [id=23624]
  0x0000021522308d10 WorkerThread "G1 Conc#0" [stack: 0x0000009038200000,0x0000009038300000] [id=24336]
  0x00000215420561d0 ConcurrentGCThread "G1 Refine#0" [stack: 0x0000009038300000,0x0000009038400000] [id=24448]
  0x0000021542056a80 ConcurrentGCThread "G1 Service" [stack: 0x0000009038400000,0x0000009038500000] [id=25292]

Threads with active compile tasks:
C2 CompilerThread0     1013 2663  s    4       java.io.DataOutputStream::write (16 bytes)
C2 CompilerThread1     1013 2611       4       java.util.regex.Pattern$CharPropertyGreedy::match (160 bytes)
C2 CompilerThread2     1013 1256       4       org.jetbrains.coverage.org.objectweb.asm.ClassReader::readCode (5095 bytes)
C2 CompilerThread3     1013 2640       4       java.util.ArrayList::grow (60 bytes)
C2 CompilerThread4     1013 2666       4       com.intellij.rt.coverage.util.CoverageIOUtil::processWithDictionary (75 bytes)
C2 CompilerThread5     1013 2355       4       org.jetbrains.coverage.org.objectweb.asm.MethodWriter::computeAllFrames (486 bytes)
C2 CompilerThread6     1013 2665       4       java.util.regex.Matcher::<init> (95 bytes)
C2 CompilerThread7     1013 2664   !   4       java.util.regex.Pattern::matcher (44 bytes)

VM state: not at safepoint (normal execution)

VM Mutex/Monitor currently owned by a thread:  ([mutex/lock_event])
[0x000002152227d7d0] MethodCompileQueue_lock - owner thread: 0x00000215421cecf0
[0x000002152227c930] CodeCache_lock - owner thread: 0x00000215421cecf0
[0x000002152227dc50] Compile_lock - owner thread: 0x00000215421cecf0

Heap address: 0x0000000701a00000, size: 4070 MB, Compressed Oops mode: Zero based, Oop shift amount: 3

CDS archive(s) mapped at: [0x0000000800000000-0x0000000800c60000-0x0000000800c60000), size 12976128, SharedBaseAddress: 0x0000000800000000, ArchiveRelocationMode: 0.
Compressed class space mapped at: 0x0000000801000000-0x0000000841000000, reserved size: 1073741824
Narrow klass base: 0x0000000800000000, Narrow klass shift: 0, Narrow klass range: 0x100000000

GC Precious Log:
 CardTable entry size: 512
 Card Set container configuration: InlinePtr #cards 4 size 8 Array Of Cards #cards 16 size 48 Howl #buckets 8 coarsen threshold 3686 Howl Bitmap #cards 512 size 80 coarsen threshold 460 Card regions per heap region 1 cards per card region 4096
 CPUs: 16 total, 16 available
 Memory: 16277M
 Large Page Support: Disabled
 NUMA Support: Disabled
 Compressed Oops: Enabled (Zero based)
 Heap Region Size: 2M
 Heap Min Capacity: 8M
 Heap Initial Capacity: 256M
 Heap Max Capacity: 4070M
 Pre-touch: Disabled
 Parallel Workers: 13
 Concurrent Workers: 3
 Concurrent Refinement Workers: 13
 Periodic GC: Disabled

Heap:
 garbage-first heap   total 262144K, used 32112K [0x0000000701a00000, 0x0000000800000000)
  region size 2048K, 15 young (30720K), 1 survivors (2048K)
 Metaspace       used 8284K, committed 8512K, reserved 1114112K
  class space    used 908K, committed 1024K, reserved 1048576K

Heap Regions: E=young(eden), S=young(survivor), O=old, HS=humongous(starts), HC=humongous(continues), CS=collection set, F=free, OA=open archive, CA=closed archive, TAMS=top-at-mark-start, PB=parsable bottom
|   0|0x0000000701a00000, 0x0000000701c00000, 0x0000000701c00000|100%| O|  |TAMS 0x0000000701a00000| PB 0x0000000701a00000| Untracked 
|   1|0x0000000701c00000, 0x0000000701d61e00, 0x0000000701e00000| 69%| O|  |TAMS 0x0000000701c00000| PB 0x0000000701c00000| Untracked 
|   2|0x0000000701e00000, 0x0000000701e00000, 0x0000000702000000|  0%| F|  |TAMS 0x0000000701e00000| PB 0x0000000701e00000| Untracked 
|   3|0x0000000702000000, 0x0000000702000000, 0x0000000702200000|  0%| F|  |TAMS 0x0000000702000000| PB 0x0000000702000000| Untracked 
|   4|0x0000000702200000, 0x0000000702200000, 0x0000000702400000|  0%| F|  |TAMS 0x0000000702200000| PB 0x0000000702200000| Untracked 
|   5|0x0000000702400000, 0x0000000702400000, 0x0000000702600000|  0%| F|  |TAMS 0x0000000702400000| PB 0x0000000702400000| Untracked 
|   6|0x0000000702600000, 0x0000000702600000, 0x0000000702800000|  0%| F|  |TAMS 0x0000000702600000| PB 0x0000000702600000| Untracked 
|   7|0x0000000702800000, 0x0000000702800000, 0x0000000702a00000|  0%| F|  |TAMS 0x0000000702800000| PB 0x0000000702800000| Untracked 
|   8|0x0000000702a00000, 0x0000000702a00000, 0x0000000702c00000|  0%| F|  |TAMS 0x0000000702a00000| PB 0x0000000702a00000| Untracked 
|   9|0x0000000702c00000, 0x0000000702c00000, 0x0000000702e00000|  0%| F|  |TAMS 0x0000000702c00000| PB 0x0000000702c00000| Untracked 
|  10|0x0000000702e00000, 0x0000000702e00000, 0x0000000703000000|  0%| F|  |TAMS 0x0000000702e00000| PB 0x0000000702e00000| Untracked 
|  11|0x0000000703000000, 0x0000000703000000, 0x0000000703200000|  0%| F|  |TAMS 0x0000000703000000| PB 0x0000000703000000| Untracked 
|  12|0x0000000703200000, 0x0000000703200000, 0x0000000703400000|  0%| F|  |TAMS 0x0000000703200000| PB 0x0000000703200000| Untracked 
|  13|0x0000000703400000, 0x0000000703400000, 0x0000000703600000|  0%| F|  |TAMS 0x0000000703400000| PB 0x0000000703400000| Untracked 
|  14|0x0000000703600000, 0x0000000703600000, 0x0000000703800000|  0%| F|  |TAMS 0x0000000703600000| PB 0x0000000703600000| Untracked 
|  15|0x0000000703800000, 0x0000000703800000, 0x0000000703a00000|  0%| F|  |TAMS 0x0000000703800000| PB 0x0000000703800000| Untracked 
|  16|0x0000000703a00000, 0x0000000703a00000, 0x0000000703c00000|  0%| F|  |TAMS 0x0000000703a00000| PB 0x0000000703a00000| Untracked 
|  17|0x0000000703c00000, 0x0000000703c00000, 0x0000000703e00000|  0%| F|  |TAMS 0x0000000703c00000| PB 0x0000000703c00000| Untracked 
|  18|0x0000000703e00000, 0x0000000703e00000, 0x0000000704000000|  0%| F|  |TAMS 0x0000000703e00000| PB 0x0000000703e00000| Untracked 
|  19|0x0000000704000000, 0x0000000704000000, 0x0000000704200000|  0%| F|  |TAMS 0x0000000704000000| PB 0x0000000704000000| Untracked 
|  20|0x0000000704200000, 0x0000000704200000, 0x0000000704400000|  0%| F|  |TAMS 0x0000000704200000| PB 0x0000000704200000| Untracked 
|  21|0x0000000704400000, 0x0000000704400000, 0x0000000704600000|  0%| F|  |TAMS 0x0000000704400000| PB 0x0000000704400000| Untracked 
|  22|0x0000000704600000, 0x0000000704600000, 0x0000000704800000|  0%| F|  |TAMS 0x0000000704600000| PB 0x0000000704600000| Untracked 
|  23|0x0000000704800000, 0x0000000704800000, 0x0000000704a00000|  0%| F|  |TAMS 0x0000000704800000| PB 0x0000000704800000| Untracked 
|  24|0x0000000704a00000, 0x0000000704a00000, 0x0000000704c00000|  0%| F|  |TAMS 0x0000000704a00000| PB 0x0000000704a00000| Untracked 
|  25|0x0000000704c00000, 0x0000000704c00000, 0x0000000704e00000|  0%| F|  |TAMS 0x0000000704c00000| PB 0x0000000704c00000| Untracked 
|  26|0x0000000704e00000, 0x0000000704e00000, 0x0000000705000000|  0%| F|  |TAMS 0x0000000704e00000| PB 0x0000000704e00000| Untracked 
|  27|0x0000000705000000, 0x0000000705000000, 0x0000000705200000|  0%| F|  |TAMS 0x0000000705000000| PB 0x0000000705000000| Untracked 
|  28|0x0000000705200000, 0x0000000705200000, 0x0000000705400000|  0%| F|  |TAMS 0x0000000705200000| PB 0x0000000705200000| Untracked 
|  29|0x0000000705400000, 0x0000000705400000, 0x0000000705600000|  0%| F|  |TAMS 0x0000000705400000| PB 0x0000000705400000| Untracked 
|  30|0x0000000705600000, 0x0000000705600000, 0x0000000705800000|  0%| F|  |TAMS 0x0000000705600000| PB 0x0000000705600000| Untracked 
|  31|0x0000000705800000, 0x0000000705800000, 0x0000000705a00000|  0%| F|  |TAMS 0x0000000705800000| PB 0x0000000705800000| Untracked 
|  32|0x0000000705a00000, 0x0000000705a00000, 0x0000000705c00000|  0%| F|  |TAMS 0x0000000705a00000| PB 0x0000000705a00000| Untracked 
|  33|0x0000000705c00000, 0x0000000705c00000, 0x0000000705e00000|  0%| F|  |TAMS 0x0000000705c00000| PB 0x0000000705c00000| Untracked 
|  34|0x0000000705e00000, 0x0000000705e00000, 0x0000000706000000|  0%| F|  |TAMS 0x0000000705e00000| PB 0x0000000705e00000| Untracked 
|  35|0x0000000706000000, 0x0000000706000000, 0x0000000706200000|  0%| F|  |TAMS 0x0000000706000000| PB 0x0000000706000000| Untracked 
|  36|0x0000000706200000, 0x0000000706200000, 0x0000000706400000|  0%| F|  |TAMS 0x0000000706200000| PB 0x0000000706200000| Untracked 
|  37|0x0000000706400000, 0x0000000706400000, 0x0000000706600000|  0%| F|  |TAMS 0x0000000706400000| PB 0x0000000706400000| Untracked 
|  38|0x0000000706600000, 0x0000000706600000, 0x0000000706800000|  0%| F|  |TAMS 0x0000000706600000| PB 0x0000000706600000| Untracked 
|  39|0x0000000706800000, 0x0000000706800000, 0x0000000706a00000|  0%| F|  |TAMS 0x0000000706800000| PB 0x0000000706800000| Untracked 
|  40|0x0000000706a00000, 0x0000000706a00000, 0x0000000706c00000|  0%| F|  |TAMS 0x0000000706a00000| PB 0x0000000706a00000| Untracked 
|  41|0x0000000706c00000, 0x0000000706c00000, 0x0000000706e00000|  0%| F|  |TAMS 0x0000000706c00000| PB 0x0000000706c00000| Untracked 
|  42|0x0000000706e00000, 0x0000000706e00000, 0x0000000707000000|  0%| F|  |TAMS 0x0000000706e00000| PB 0x0000000706e00000| Untracked 
|  43|0x0000000707000000, 0x0000000707000000, 0x0000000707200000|  0%| F|  |TAMS 0x0000000707000000| PB 0x0000000707000000| Untracked 
|  44|0x0000000707200000, 0x0000000707200000, 0x0000000707400000|  0%| F|  |TAMS 0x0000000707200000| PB 0x0000000707200000| Untracked 
|  45|0x0000000707400000, 0x0000000707400000, 0x0000000707600000|  0%| F|  |TAMS 0x0000000707400000| PB 0x0000000707400000| Untracked 
|  46|0x0000000707600000, 0x0000000707600000, 0x0000000707800000|  0%| F|  |TAMS 0x0000000707600000| PB 0x0000000707600000| Untracked 
|  47|0x0000000707800000, 0x0000000707800000, 0x0000000707a00000|  0%| F|  |TAMS 0x0000000707800000| PB 0x0000000707800000| Untracked 
|  48|0x0000000707a00000, 0x0000000707a00000, 0x0000000707c00000|  0%| F|  |TAMS 0x0000000707a00000| PB 0x0000000707a00000| Untracked 
|  49|0x0000000707c00000, 0x0000000707c00000, 0x0000000707e00000|  0%| F|  |TAMS 0x0000000707c00000| PB 0x0000000707c00000| Untracked 
|  50|0x0000000707e00000, 0x0000000707e00000, 0x0000000708000000|  0%| F|  |TAMS 0x0000000707e00000| PB 0x0000000707e00000| Untracked 
|  51|0x0000000708000000, 0x0000000708000000, 0x0000000708200000|  0%| F|  |TAMS 0x0000000708000000| PB 0x0000000708000000| Untracked 
|  52|0x0000000708200000, 0x0000000708200000, 0x0000000708400000|  0%| F|  |TAMS 0x0000000708200000| PB 0x0000000708200000| Untracked 
|  53|0x0000000708400000, 0x0000000708400000, 0x0000000708600000|  0%| F|  |TAMS 0x0000000708400000| PB 0x0000000708400000| Untracked 
|  54|0x0000000708600000, 0x0000000708600000, 0x0000000708800000|  0%| F|  |TAMS 0x0000000708600000| PB 0x0000000708600000| Untracked 
|  55|0x0000000708800000, 0x0000000708800000, 0x0000000708a00000|  0%| F|  |TAMS 0x0000000708800000| PB 0x0000000708800000| Untracked 
|  56|0x0000000708a00000, 0x0000000708a00000, 0x0000000708c00000|  0%| F|  |TAMS 0x0000000708a00000| PB 0x0000000708a00000| Untracked 
|  57|0x0000000708c00000, 0x0000000708c00000, 0x0000000708e00000|  0%| F|  |TAMS 0x0000000708c00000| PB 0x0000000708c00000| Untracked 
|  58|0x0000000708e00000, 0x0000000708e00000, 0x0000000709000000|  0%| F|  |TAMS 0x0000000708e00000| PB 0x0000000708e00000| Untracked 
|  59|0x0000000709000000, 0x0000000709000000, 0x0000000709200000|  0%| F|  |TAMS 0x0000000709000000| PB 0x0000000709000000| Untracked 
|  60|0x0000000709200000, 0x0000000709200000, 0x0000000709400000|  0%| F|  |TAMS 0x0000000709200000| PB 0x0000000709200000| Untracked 
|  61|0x0000000709400000, 0x0000000709400000, 0x0000000709600000|  0%| F|  |TAMS 0x0000000709400000| PB 0x0000000709400000| Untracked 
|  62|0x0000000709600000, 0x0000000709600000, 0x0000000709800000|  0%| F|  |TAMS 0x0000000709600000| PB 0x0000000709600000| Untracked 
|  63|0x0000000709800000, 0x0000000709800000, 0x0000000709a00000|  0%| F|  |TAMS 0x0000000709800000| PB 0x0000000709800000| Untracked 
|  64|0x0000000709a00000, 0x0000000709a00000, 0x0000000709c00000|  0%| F|  |TAMS 0x0000000709a00000| PB 0x0000000709a00000| Untracked 
|  65|0x0000000709c00000, 0x0000000709c00000, 0x0000000709e00000|  0%| F|  |TAMS 0x0000000709c00000| PB 0x0000000709c00000| Untracked 
|  66|0x0000000709e00000, 0x0000000709e00000, 0x000000070a000000|  0%| F|  |TAMS 0x0000000709e00000| PB 0x0000000709e00000| Untracked 
|  67|0x000000070a000000, 0x000000070a000000, 0x000000070a200000|  0%| F|  |TAMS 0x000000070a000000| PB 0x000000070a000000| Untracked 
|  68|0x000000070a200000, 0x000000070a200000, 0x000000070a400000|  0%| F|  |TAMS 0x000000070a200000| PB 0x000000070a200000| Untracked 
|  69|0x000000070a400000, 0x000000070a400000, 0x000000070a600000|  0%| F|  |TAMS 0x000000070a400000| PB 0x000000070a400000| Untracked 
|  70|0x000000070a600000, 0x000000070a600000, 0x000000070a800000|  0%| F|  |TAMS 0x000000070a600000| PB 0x000000070a600000| Untracked 
|  71|0x000000070a800000, 0x000000070a800000, 0x000000070aa00000|  0%| F|  |TAMS 0x000000070a800000| PB 0x000000070a800000| Untracked 
|  72|0x000000070aa00000, 0x000000070aa00000, 0x000000070ac00000|  0%| F|  |TAMS 0x000000070aa00000| PB 0x000000070aa00000| Untracked 
|  73|0x000000070ac00000, 0x000000070ac00000, 0x000000070ae00000|  0%| F|  |TAMS 0x000000070ac00000| PB 0x000000070ac00000| Untracked 
|  74|0x000000070ae00000, 0x000000070ae00000, 0x000000070b000000|  0%| F|  |TAMS 0x000000070ae00000| PB 0x000000070ae00000| Untracked 
|  75|0x000000070b000000, 0x000000070b000000, 0x000000070b200000|  0%| F|  |TAMS 0x000000070b000000| PB 0x000000070b000000| Untracked 
|  76|0x000000070b200000, 0x000000070b200000, 0x000000070b400000|  0%| F|  |TAMS 0x000000070b200000| PB 0x000000070b200000| Untracked 
|  77|0x000000070b400000, 0x000000070b400000, 0x000000070b600000|  0%| F|  |TAMS 0x000000070b400000| PB 0x000000070b400000| Untracked 
|  78|0x000000070b600000, 0x000000070b600000, 0x000000070b800000|  0%| F|  |TAMS 0x000000070b600000| PB 0x000000070b600000| Untracked 
|  79|0x000000070b800000, 0x000000070b800000, 0x000000070ba00000|  0%| F|  |TAMS 0x000000070b800000| PB 0x000000070b800000| Untracked 
|  80|0x000000070ba00000, 0x000000070ba00000, 0x000000070bc00000|  0%| F|  |TAMS 0x000000070ba00000| PB 0x000000070ba00000| Untracked 
|  81|0x000000070bc00000, 0x000000070bc00000, 0x000000070be00000|  0%| F|  |TAMS 0x000000070bc00000| PB 0x000000070bc00000| Untracked 
|  82|0x000000070be00000, 0x000000070be00000, 0x000000070c000000|  0%| F|  |TAMS 0x000000070be00000| PB 0x000000070be00000| Untracked 
|  83|0x000000070c000000, 0x000000070c000000, 0x000000070c200000|  0%| F|  |TAMS 0x000000070c000000| PB 0x000000070c000000| Untracked 
|  84|0x000000070c200000, 0x000000070c200000, 0x000000070c400000|  0%| F|  |TAMS 0x000000070c200000| PB 0x000000070c200000| Untracked 
|  85|0x000000070c400000, 0x000000070c400000, 0x000000070c600000|  0%| F|  |TAMS 0x000000070c400000| PB 0x000000070c400000| Untracked 
|  86|0x000000070c600000, 0x000000070c600000, 0x000000070c800000|  0%| F|  |TAMS 0x000000070c600000| PB 0x000000070c600000| Untracked 
|  87|0x000000070c800000, 0x000000070c800000, 0x000000070ca00000|  0%| F|  |TAMS 0x000000070c800000| PB 0x000000070c800000| Untracked 
|  88|0x000000070ca00000, 0x000000070ca00000, 0x000000070cc00000|  0%| F|  |TAMS 0x000000070ca00000| PB 0x000000070ca00000| Untracked 
|  89|0x000000070cc00000, 0x000000070cc00000, 0x000000070ce00000|  0%| F|  |TAMS 0x000000070cc00000| PB 0x000000070cc00000| Untracked 
|  90|0x000000070ce00000, 0x000000070ce00000, 0x000000070d000000|  0%| F|  |TAMS 0x000000070ce00000| PB 0x000000070ce00000| Untracked 
|  91|0x000000070d000000, 0x000000070d000000, 0x000000070d200000|  0%| F|  |TAMS 0x000000070d000000| PB 0x000000070d000000| Untracked 
|  92|0x000000070d200000, 0x000000070d200000, 0x000000070d400000|  0%| F|  |TAMS 0x000000070d200000| PB 0x000000070d200000| Untracked 
|  93|0x000000070d400000, 0x000000070d400000, 0x000000070d600000|  0%| F|  |TAMS 0x000000070d400000| PB 0x000000070d400000| Untracked 
|  94|0x000000070d600000, 0x000000070d600000, 0x000000070d800000|  0%| F|  |TAMS 0x000000070d600000| PB 0x000000070d600000| Untracked 
|  95|0x000000070d800000, 0x000000070d800000, 0x000000070da00000|  0%| F|  |TAMS 0x000000070d800000| PB 0x000000070d800000| Untracked 
|  96|0x000000070da00000, 0x000000070da00000, 0x000000070dc00000|  0%| F|  |TAMS 0x000000070da00000| PB 0x000000070da00000| Untracked 
|  97|0x000000070dc00000, 0x000000070dc00000, 0x000000070de00000|  0%| F|  |TAMS 0x000000070dc00000| PB 0x000000070dc00000| Untracked 
|  98|0x000000070de00000, 0x000000070de00000, 0x000000070e000000|  0%| F|  |TAMS 0x000000070de00000| PB 0x000000070de00000| Untracked 
|  99|0x000000070e000000, 0x000000070e000000, 0x000000070e200000|  0%| F|  |TAMS 0x000000070e000000| PB 0x000000070e000000| Untracked 
| 100|0x000000070e200000, 0x000000070e200000, 0x000000070e400000|  0%| F|  |TAMS 0x000000070e200000| PB 0x000000070e200000| Untracked 
| 101|0x000000070e400000, 0x000000070e400000, 0x000000070e600000|  0%| F|  |TAMS 0x000000070e400000| PB 0x000000070e400000| Untracked 
| 102|0x000000070e600000, 0x000000070e600000, 0x000000070e800000|  0%| F|  |TAMS 0x000000070e600000| PB 0x000000070e600000| Untracked 
| 103|0x000000070e800000, 0x000000070e800000, 0x000000070ea00000|  0%| F|  |TAMS 0x000000070e800000| PB 0x000000070e800000| Untracked 
| 104|0x000000070ea00000, 0x000000070ea00000, 0x000000070ec00000|  0%| F|  |TAMS 0x000000070ea00000| PB 0x000000070ea00000| Untracked 
| 105|0x000000070ec00000, 0x000000070ec00000, 0x000000070ee00000|  0%| F|  |TAMS 0x000000070ec00000| PB 0x000000070ec00000| Untracked 
| 106|0x000000070ee00000, 0x000000070ee00000, 0x000000070f000000|  0%| F|  |TAMS 0x000000070ee00000| PB 0x000000070ee00000| Untracked 
| 107|0x000000070f000000, 0x000000070f000000, 0x000000070f200000|  0%| F|  |TAMS 0x000000070f000000| PB 0x000000070f000000| Untracked 
| 108|0x000000070f200000, 0x000000070f3fa228, 0x000000070f400000| 98%| S|CS|TAMS 0x000000070f200000| PB 0x000000070f200000| Complete 
| 109|0x000000070f400000, 0x000000070f400000, 0x000000070f600000|  0%| F|  |TAMS 0x000000070f400000| PB 0x000000070f400000| Untracked 
| 110|0x000000070f600000, 0x000000070f600000, 0x000000070f800000|  0%| F|  |TAMS 0x000000070f600000| PB 0x000000070f600000| Untracked 
| 111|0x000000070f800000, 0x000000070f800000, 0x000000070fa00000|  0%| F|  |TAMS 0x000000070f800000| PB 0x000000070f800000| Untracked 
| 112|0x000000070fa00000, 0x000000070fa00000, 0x000000070fc00000|  0%| F|  |TAMS 0x000000070fa00000| PB 0x000000070fa00000| Untracked 
| 113|0x000000070fc00000, 0x000000070fc00000, 0x000000070fe00000|  0%| F|  |TAMS 0x000000070fc00000| PB 0x000000070fc00000| Untracked 
| 114|0x000000070fe00000, 0x0000000710000000, 0x0000000710000000|100%| E|  |TAMS 0x000000070fe00000| PB 0x000000070fe00000| Complete 
| 115|0x0000000710000000, 0x0000000710200000, 0x0000000710200000|100%| E|CS|TAMS 0x0000000710000000| PB 0x0000000710000000| Complete 
| 116|0x0000000710200000, 0x0000000710400000, 0x0000000710400000|100%| E|CS|TAMS 0x0000000710200000| PB 0x0000000710200000| Complete 
| 117|0x0000000710400000, 0x0000000710600000, 0x0000000710600000|100%| E|CS|TAMS 0x0000000710400000| PB 0x0000000710400000| Complete 
| 118|0x0000000710600000, 0x0000000710800000, 0x0000000710800000|100%| E|CS|TAMS 0x0000000710600000| PB 0x0000000710600000| Complete 
| 119|0x0000000710800000, 0x0000000710a00000, 0x0000000710a00000|100%| E|CS|TAMS 0x0000000710800000| PB 0x0000000710800000| Complete 
| 120|0x0000000710a00000, 0x0000000710c00000, 0x0000000710c00000|100%| E|CS|TAMS 0x0000000710a00000| PB 0x0000000710a00000| Complete 
| 121|0x0000000710c00000, 0x0000000710e00000, 0x0000000710e00000|100%| E|CS|TAMS 0x0000000710c00000| PB 0x0000000710c00000| Complete 
| 122|0x0000000710e00000, 0x0000000711000000, 0x0000000711000000|100%| E|CS|TAMS 0x0000000710e00000| PB 0x0000000710e00000| Complete 
| 123|0x0000000711000000, 0x0000000711200000, 0x0000000711200000|100%| E|CS|TAMS 0x0000000711000000| PB 0x0000000711000000| Complete 
| 124|0x0000000711200000, 0x0000000711400000, 0x0000000711400000|100%| E|CS|TAMS 0x0000000711200000| PB 0x0000000711200000| Complete 
| 125|0x0000000711400000, 0x0000000711600000, 0x0000000711600000|100%| E|CS|TAMS 0x0000000711400000| PB 0x0000000711400000| Complete 
| 126|0x0000000711600000, 0x0000000711800000, 0x0000000711800000|100%| E|CS|TAMS 0x0000000711600000| PB 0x0000000711600000| Complete 
| 127|0x0000000711800000, 0x0000000711a00000, 0x0000000711a00000|100%| E|CS|TAMS 0x0000000711800000| PB 0x0000000711800000| Complete 

Card table byte_map: [0x000002153a3c0000,0x000002153abc0000] _byte_map_base: 0x0000021536bb3000

Marking Bits: (CMBitMap*) 0x00000215222f7a10
 Bits: [0x000002153b3c0000, 0x000002153f358000)

Polling page: 0x00000215201f0000

Metaspace:

Usage:
  Non-class:      7.20 MB used.
      Class:    908.25 KB used.
       Both:      8.09 MB used.

Virtual space:
  Non-class space:       64.00 MB reserved,       7.31 MB ( 11%) committed,  1 nodes.
      Class space:        1.00 GB reserved,       1.00 MB ( <1%) committed,  1 nodes.
             Both:        1.06 GB reserved,       8.31 MB ( <1%) committed. 

Chunk freelists:
   Non-Class:  358.00 KB
       Class:  2.95 MB
        Both:  3.30 MB

MaxMetaspaceSize: unlimited
CompressedClassSpaceSize: 1.00 GB
Initial GC threshold: 21.00 MB
Current GC threshold: 21.00 MB
CDS: on
MetaspaceReclaimPolicy: balanced
 - commit_granule_bytes: 65536.
 - commit_granule_words: 8192.
 - virtual_space_node_default_size: 8388608.
 - enlarge_chunks_in_place: 1.
 - new_chunks_are_fully_committed: 0.
 - uncommit_free_chunks: 1.
 - use_allocation_guard: 0.


Internal statistics:

num_allocs_failed_limit: 0.
num_arena_births: 190.
num_arena_deaths: 0.
num_vsnodes_births: 2.
num_vsnodes_deaths: 0.
num_space_committed: 133.
num_space_uncommitted: 0.
num_chunks_returned_to_freelist: 0.
num_chunks_taken_from_freelist: 429.
num_chunk_merges: 0.
num_chunk_splits: 245.
num_chunks_enlarged: 151.
num_inconsistent_stats: 0.

CodeHeap 'non-profiled nmethods': size=119168Kb used=1275Kb max_used=1275Kb free=117892Kb
 bounds [0x0000021531ed0000, 0x0000021532140000, 0x0000021539330000]
CodeHeap 'profiled nmethods': size=119104Kb used=5558Kb max_used=5558Kb free=113545Kb
 bounds [0x000002152a330000, 0x000002152a8a0000, 0x0000021531780000]
CodeHeap 'non-nmethods': size=7488Kb used=3143Kb max_used=3225Kb free=4344Kb
 bounds [0x0000021531780000, 0x0000021531ab0000, 0x0000021531ed0000]
 total_blobs=3151 nmethods=2661 adapters=397
 compilation: enabled
              stopped_count=0, restarted_count=0
 full_count=0

Compilation events (20 events):
Event: 0.960 Thread 0x00000215421ddd40 nmethod 2637 0x000002152a897410 code [0x000002152a897620, 0x000002152a897cc0]
Event: 0.960 Thread 0x0000021546613e30 nmethod 2635 0x000002152a897f10 code [0x000002152a8981e0, 0x000002152a8990a0]
Event: 0.960 Thread 0x00000215421cecf0 nmethod 2597 0x0000021531feca90 code [0x0000021531fecc20, 0x0000021531fecec0]
Event: 0.961 Thread 0x00000215421cecf0 2639   !   4       com.intellij.rt.coverage.util.CoverageIOUtil::writeUTF (114 bytes)
Event: 0.962 Thread 0x00000215468f68a0 2641       3       com.intellij.rt.coverage.data.JumpsAndSwitches::save (123 bytes)
Event: 0.962 Thread 0x00000215468f68a0 nmethod 2641 0x000002152a899790 code [0x000002152a899980, 0x000002152a899e50]
Event: 0.966 Thread 0x0000021546613e30 2650       3       com.intellij.rt.coverage.data.ClassData::prepareSignaturesMap (127 bytes)
Event: 0.967 Thread 0x0000021546613e30 nmethod 2650 0x000002152a89a090 code [0x000002152a89a300, 0x000002152a89b128]
Event: 0.967 Thread 0x0000021549d65870 2642       4       java.util.concurrent.locks.ReentrantLock$Sync::tryRelease (51 bytes)
Event: 0.967 Thread 0x00000215491c7690 2643       4       java.util.concurrent.locks.ReentrantLock$NonfairSync::initialTryLock (58 bytes)
Event: 0.968 Thread 0x000002154660e3a0 2653       3       com.intellij.rt.coverage.data.ClassData::save (138 bytes)
Event: 0.968 Thread 0x0000021549d65870 nmethod 2642 0x0000021531fed190 code [0x0000021531fed300, 0x0000021531fed420]
Event: 0.968 Thread 0x0000021549d65870 2644       4       java.util.regex.Pattern$StartS::match (138 bytes)
Event: 0.968 Thread 0x00000215491c7690 nmethod 2643 0x0000021531fed510 code [0x0000021531fed680, 0x0000021531fed838]
Event: 0.968 Thread 0x00000215491c7690 2649 %     4       com.intellij.rt.coverage.util.CoverageIOUtil::isAscii @ 2 (33 bytes)
Event: 0.969 Thread 0x000002154660e3a0 nmethod 2653 0x000002152a89b690 code [0x000002152a89b9a0, 0x000002152a89cd10]
Event: 0.971 Thread 0x00000215491c7690 nmethod 2649% 0x0000021531fed910 code [0x0000021531fedaa0, 0x0000021531fedc60]
Event: 0.971 Thread 0x00000215491c7690 2638       4       java.util.regex.Matcher::reset (128 bytes)
Event: 0.971 Thread 0x00000215478f29c0 nmethod 2610 0x0000021531fede90 code [0x0000021531fee0a0, 0x0000021531feeb60]
Event: 0.973 Thread 0x00000215478f29c0 2623       4       java.util.regex.Pattern$$Lambda$22/0x800000032::is (9 bytes)

GC Heap History (4 events):
Event: 0.360 GC heap before
{Heap before GC invocations=0 (full 0):
 garbage-first heap   total 262144K, used 22528K [0x0000000701a00000, 0x0000000800000000)
  region size 2048K, 11 young (22528K), 0 survivors (0K)
 Metaspace       used 3709K, committed 3904K, reserved 1114112K
  class space    used 313K, committed 384K, reserved 1048576K
}
Event: 0.363 GC heap after
{Heap after GC invocations=1 (full 0):
 garbage-first heap   total 262144K, used 3665K [0x0000000701a00000, 0x0000000800000000)
  region size 2048K, 2 young (4096K), 2 survivors (4096K)
 Metaspace       used 3709K, committed 3904K, reserved 1114112K
  class space    used 313K, committed 384K, reserved 1048576K
}
Event: 0.769 GC heap before
{Heap before GC invocations=1 (full 0):
 garbage-first heap   total 262144K, used 38481K [0x0000000701a00000, 0x0000000800000000)
  region size 2048K, 19 young (38912K), 2 survivors (4096K)
 Metaspace       used 6809K, committed 7040K, reserved 1114112K
  class space    used 750K, committed 832K, reserved 1048576K
}
Event: 0.772 GC heap after
{Heap after GC invocations=2 (full 0):
 garbage-first heap   total 262144K, used 5488K [0x0000000701a00000, 0x0000000800000000)
  region size 2048K, 1 young (2048K), 1 survivors (2048K)
 Metaspace       used 6809K, committed 7040K, reserved 1114112K
  class space    used 750K, committed 832K, reserved 1048576K
}

Dll operation events (10 events):
Event: 0.005 Loaded shared library C:\Users\ejkru\.jdks\jdk-20\bin\java.dll
Event: 0.006 Loaded shared library C:\Users\ejkru\.jdks\jdk-20\bin\zip.dll
Event: 0.011 Loaded shared library C:\Users\ejkru\.jdks\jdk-20\bin\jsvml.dll
Event: 0.055 Loaded shared library C:\Users\ejkru\.jdks\jdk-20\bin\instrument.dll
Event: 0.066 Loaded shared library C:\Users\ejkru\.jdks\jdk-20\bin\zip.dll
Event: 0.070 Loaded shared library C:\Users\ejkru\.jdks\jdk-20\bin\jimage.dll
Event: 0.110 Loaded shared library C:\Users\ejkru\.jdks\jdk-20\bin\net.dll
Event: 0.111 Loaded shared library C:\Users\ejkru\.jdks\jdk-20\bin\nio.dll
Event: 0.118 Loaded shared library C:\Program Files\JetBrains\IntelliJ IDEA Community Edition 2023.3.2\bin\breakgen64.dll
Event: 0.125 Loaded shared library C:\Users\ejkru\.jdks\jdk-20\bin\extnet.dll

Deoptimization events (20 events):
Event: 0.901 Thread 0x0000021522281dc0 Uncommon trap: trap_request=0xffffff45 fr.pc=0x0000021531ef68a8 relative=0x0000000000000288
Event: 0.901 Thread 0x0000021522281dc0 Uncommon trap: reason=unstable_if action=reinterpret pc=0x0000021531ef68a8 method=java.util.HashMap.hash(Ljava/lang/Object;)I @ 1 c2
Event: 0.901 Thread 0x0000021522281dc0 DEOPT PACKING pc=0x0000021531ef68a8 sp=0x0000009037ffc950
Event: 0.901 Thread 0x0000021522281dc0 DEOPT UNPACKING pc=0x00000215317e9d22 sp=0x0000009037ffc848 mode 2
Event: 0.910 Thread 0x0000021522281dc0 Uncommon trap: trap_request=0xffffff45 fr.pc=0x0000021531fd3f80 relative=0x0000000000000fc0
Event: 0.910 Thread 0x0000021522281dc0 Uncommon trap: reason=unstable_if action=reinterpret pc=0x0000021531fd3f80 method=org.jetbrains.coverage.org.objectweb.asm.Type.getTypeInternal(Ljava/lang/String;II)Lorg/jetbrains/coverage/org/objectweb/asm/Type; @ 5 c2
Event: 0.910 Thread 0x0000021522281dc0 DEOPT PACKING pc=0x0000021531fd3f80 sp=0x0000009037ff9880
Event: 0.910 Thread 0x0000021522281dc0 DEOPT UNPACKING pc=0x00000215317e9d22 sp=0x0000009037ff97c0 mode 2
Event: 0.910 Thread 0x0000021522281dc0 Uncommon trap: trap_request=0xffffff45 fr.pc=0x0000021531fd9970 relative=0x0000000000001b90
Event: 0.910 Thread 0x0000021522281dc0 Uncommon trap: reason=unstable_if action=reinterpret pc=0x0000021531fd9970 method=org.jetbrains.coverage.org.objectweb.asm.ClassReader.computeImplicitFrame(Lorg/jetbrains/coverage/org/objectweb/asm/Context;)V @ 83 c2
Event: 0.910 Thread 0x0000021522281dc0 DEOPT PACKING pc=0x0000021531fd9970 sp=0x0000009037ff9730
Event: 0.910 Thread 0x0000021522281dc0 DEOPT UNPACKING pc=0x00000215317e9d22 sp=0x0000009037ff9708 mode 2
Event: 0.910 Thread 0x0000021522281dc0 Uncommon trap: trap_request=0xffffff45 fr.pc=0x0000021531fc4d64 relative=0x00000000000015a4
Event: 0.910 Thread 0x0000021522281dc0 Uncommon trap: reason=unstable_if action=reinterpret pc=0x0000021531fc4d64 method=org.jetbrains.coverage.org.objectweb.asm.commons.LocalVariablesSorter.visitFrame(II[Ljava/lang/Object;I[Ljava/lang/Object;)V @ 130 c2
Event: 0.910 Thread 0x0000021522281dc0 DEOPT PACKING pc=0x0000021531fc4d64 sp=0x0000009037ff9830
Event: 0.910 Thread 0x0000021522281dc0 DEOPT UNPACKING pc=0x00000215317e9d22 sp=0x0000009037ff9810 mode 2
Event: 0.971 Thread 0x00000215421cc6d0 DEOPT PACKING pc=0x000002152a887015 sp=0x000000903a1ff360
Event: 0.971 Thread 0x00000215421cc6d0 DEOPT UNPACKING pc=0x00000215317ea4c2 sp=0x000000903a1fe818 mode 0
Event: 0.972 Thread 0x00000215421cc6d0 DEOPT PACKING pc=0x000002152a887015 sp=0x000000903a1ff360
Event: 0.972 Thread 0x00000215421cc6d0 DEOPT UNPACKING pc=0x00000215317ea4c2 sp=0x000000903a1fe818 mode 0

Classes loaded (20 events):
Event: 0.950 Loading class com/intellij/rt/coverage/data/instructions/InstructionsUtil
Event: 0.950 Loading class com/intellij/rt/coverage/data/instructions/InstructionsUtil done
Event: 0.950 Loading class java/io/DataOutputStream
Event: 0.950 Loading class java/io/DataOutputStream done
Event: 0.950 Loading class org/jetbrains/coverage/gnu/trove/TObjectIntHashMap
Event: 0.950 Loading class org/jetbrains/coverage/gnu/trove/TObjectHash
Event: 0.950 Loading class org/jetbrains/coverage/gnu/trove/TObjectHashingStrategy
Event: 0.950 Loading class org/jetbrains/coverage/gnu/trove/TObjectHashingStrategy done
Event: 0.950 Loading class org/jetbrains/coverage/gnu/trove/TObjectHash done
Event: 0.950 Loading class org/jetbrains/coverage/gnu/trove/TObjectIntHashMap done
Event: 0.955 Loading class com/intellij/rt/coverage/util/CoverageReport$1
Event: 0.955 Loading class com/intellij/rt/coverage/util/DictionaryLookup
Event: 0.955 Loading class com/intellij/rt/coverage/util/DictionaryLookup done
Event: 0.955 Loading class com/intellij/rt/coverage/util/CoverageReport$1 done
Event: 0.955 Loading class com/intellij/rt/coverage/util/CoverageIOUtil$2
Event: 0.956 Loading class com/intellij/rt/coverage/util/CoverageIOUtil$Consumer
Event: 0.956 Loading class com/intellij/rt/coverage/util/CoverageIOUtil$Consumer done
Event: 0.956 Loading class com/intellij/rt/coverage/util/CoverageIOUtil$2 done
Event: 0.956 Loading class com/intellij/rt/coverage/data/JumpsAndSwitches
Event: 0.956 Loading class com/intellij/rt/coverage/data/JumpsAndSwitches done

Classes unloaded (0 events):
No events

Classes redefined (0 events):
No events

Internal exceptions (20 events):
Event: 0.607 Thread 0x0000021522281dc0 Exception <a 'java/lang/NoSuchMethodError'{0x00000007108b8fc8}: 'void java.lang.invoke.DirectMethodHandle$Holder.invokeSpecial(java.lang.Object, java.lang.Object, java.lang.Object, java.lang.Object, java.lang.Object)'> (0x00000007108b8fc8) 
thrown [s\open\src\hotspot\share\interpreter\linkResolver.cpp, line 773]
Event: 0.620 Thread 0x0000021522281dc0 Exception <a 'java/lang/NoSuchMethodError'{0x000000071098d9e0}: 'void java.lang.invoke.DirectMethodHandle$Holder.invokeInterface(java.lang.Object, java.lang.Object, java.lang.Object, java.lang.Object)'> (0x000000071098d9e0) 
thrown [s\open\src\hotspot\share\interpreter\linkResolver.cpp, line 773]
Event: 0.620 Thread 0x0000021522281dc0 Exception <a 'java/lang/IncompatibleClassChangeError'{0x0000000710990e48}: Found class java.lang.Object, but interface was expected> (0x0000000710990e48) 
thrown [s\open\src\hotspot\share\interpreter\linkResolver.cpp, line 840]
Event: 0.625 Thread 0x0000021522281dc0 Exception <a 'java/lang/NoSuchMethodError'{0x00000007109e1958}: 'void java.lang.invoke.DirectMethodHandle$Holder.invokeStatic(java.lang.Object, java.lang.Object, java.lang.Object, java.lang.Object)'> (0x00000007109e1958) 
thrown [s\open\src\hotspot\share\interpreter\linkResolver.cpp, line 773]
Event: 0.630 Thread 0x0000021522281dc0 Exception <a 'java/lang/NoSuchMethodError'{0x0000000710603fb8}: 'java.lang.Object java.lang.invoke.DirectMethodHandle$Holder.newInvokeSpecial(java.lang.Object, java.lang.Object, int)'> (0x0000000710603fb8) 
thrown [s\open\src\hotspot\share\interpreter\linkResolver.cpp, line 773]
Event: 0.650 Thread 0x0000021522281dc0 Exception <a 'java/lang/NoSuchMethodError'{0x000000071047e5a8}: 'int java.lang.invoke.DirectMethodHandle$Holder.invokeStatic(java.lang.Object, java.lang.Object, java.lang.Object, java.lang.Object)'> (0x000000071047e5a8) 
thrown [s\open\src\hotspot\share\interpreter\linkResolver.cpp, line 773]
Event: 0.650 Thread 0x0000021522281dc0 Exception <a 'java/lang/NoSuchMethodError'{0x0000000710481c28}: 'java.lang.Object java.lang.invoke.Invokers$Holder.invokeExact_MT(java.lang.Object, java.lang.Object, java.lang.Object, java.lang.Object, java.lang.Object, java.lang.Object)'> (0x0000000710481c28) 
thrown [s\open\src\hotspot\share\interpreter\linkResolver.cpp, line 773]
Event: 0.651 Thread 0x0000021522281dc0 Exception <a 'java/lang/NoSuchMethodError'{0x0000000710490c70}: 'int java.lang.invoke.DirectMethodHandle$Holder.invokeStatic(java.lang.Object, java.lang.Object, java.lang.Object, java.lang.Object, java.lang.Object)'> (0x0000000710490c70) 
thrown [s\open\src\hotspot\share\interpreter\linkResolver.cpp, line 773]
Event: 0.660 Thread 0x0000021522281dc0 Exception <a 'java/lang/NoSuchMethodError'{0x000000071056e5d8}: 'void java.lang.invoke.DirectMethodHandle$Holder.invokeStaticInit(java.lang.Object)'> (0x000000071056e5d8) 
thrown [s\open\src\hotspot\share\interpreter\linkResolver.cpp, line 773]
Event: 0.678 Thread 0x0000021522281dc0 Exception <a 'java/lang/NoSuchMethodError'{0x000000070fc0b468}: 'void java.lang.invoke.DirectMethodHandle$Holder.invokeStaticInit(java.lang.Object, java.lang.Object, java.lang.Object, java.lang.Object)'> (0x000000070fc0b468) 
thrown [s\open\src\hotspot\share\interpreter\linkResolver.cpp, line 773]
Event: 0.687 Thread 0x0000021522281dc0 Exception <a 'java/lang/NoSuchMethodError'{0x000000070fd2f098}: 'int java.lang.invoke.DirectMethodHandle$Holder.invokeStaticInit(java.lang.Object, java.lang.Object)'> (0x000000070fd2f098) 
thrown [s\open\src\hotspot\share\interpreter\linkResolver.cpp, line 773]
Event: 0.714 Thread 0x0000021522281dc0 Exception <a 'java/lang/NoSuchMethodError'{0x000000070fb88fc0}: 'java.lang.Object java.lang.invoke.DirectMethodHandle$Holder.newInvokeSpecial(java.lang.Object, java.lang.Object, java.lang.Object, java.lang.Object, java.lang.Object, java.lang.Object, java.lang.Object)'> (0x000000070fb88fc0) 
thrown [s\open\src\hotspot\share\interpreter\linkResolver.cpp, line 773]
Event: 0.715 Thread 0x0000021522281dc0 Exception <a 'java/lang/NoSuchMethodError'{0x000000070fba6770}: 'java.lang.Object java.lang.invoke.DirectMethodHandle$Holder.invokeInterface(java.lang.Object, java.lang.Object, java.lang.Object, java.lang.Object, java.lang.Object)'> (0x000000070fba6770) 
thrown [s\open\src\hotspot\share\interpreter\linkResolver.cpp, line 773]
Event: 0.716 Thread 0x0000021522281dc0 Exception <a 'java/lang/IncompatibleClassChangeError'{0x000000070fbaa298}: Found class java.lang.Object, but interface was expected> (0x000000070fbaa298) 
thrown [s\open\src\hotspot\share\interpreter\linkResolver.cpp, line 840]
Event: 0.720 Thread 0x0000021522281dc0 Exception <a 'java/lang/NoSuchMethodError'{0x000000070f846860}: 'java.lang.Object java.lang.invoke.DirectMethodHandle$Holder.invokeStaticInit(java.lang.Object, java.lang.Object, java.lang.Object, java.lang.Object, java.lang.Object)'> (0x000000070f846860) 
thrown [s\open\src\hotspot\share\interpreter\linkResolver.cpp, line 773]
Event: 0.720 Thread 0x0000021522281dc0 Exception <a 'java/lang/NoSuchMethodError'{0x000000070f84cd58}: 'java.lang.Object java.lang.invoke.Invokers$Holder.invoke_MT(java.lang.Object, java.lang.Object, java.lang.Object, java.lang.Object, java.lang.Object, java.lang.Object)'> (0x000000070f84cd58) 
thrown [s\open\src\hotspot\share\interpreter\linkResolver.cpp, line 773]
Event: 0.725 Thread 0x0000021522281dc0 Exception <a 'java/lang/IncompatibleClassChangeError'{0x000000070f8a5ae0}: Found class java.lang.Object, but interface was expected> (0x000000070f8a5ae0) 
thrown [s\open\src\hotspot\share\interpreter\linkResolver.cpp, line 840]
Event: 0.731 Thread 0x0000021522281dc0 Exception <a 'java/lang/NoSuchMethodError'{0x000000070f930d88}: 'void java.lang.invoke.DirectMethodHandle$Holder.invokeVirtual(java.lang.Object, java.lang.Object)'> (0x000000070f930d88) 
thrown [s\open\src\hotspot\share\interpreter\linkResolver.cpp, line 773]
Event: 0.876 Thread 0x0000021522281dc0 Implicit null exception at 0x0000021531f26b99 to 0x0000021531f26dd0
Event: 0.901 Thread 0x0000021522281dc0 Implicit null exception at 0x0000021531ef6679 to 0x0000021531ef688c

VM Operations (20 events):
Event: 0.308 Executing VM operation: ICBufferFull
Event: 0.309 Executing VM operation: ICBufferFull done
Event: 0.360 Executing VM operation: G1CollectForAllocation
Event: 0.363 Executing VM operation: G1CollectForAllocation done
Event: 0.631 Executing VM operation: ICBufferFull
Event: 0.631 Executing VM operation: ICBufferFull done
Event: 0.653 Executing VM operation: HandshakeAllThreads
Event: 0.653 Executing VM operation: HandshakeAllThreads done
Event: 0.653 Executing VM operation: HandshakeAllThreads
Event: 0.653 Executing VM operation: HandshakeAllThreads done
Event: 0.719 Executing VM operation: HandshakeAllThreads
Event: 0.719 Executing VM operation: HandshakeAllThreads done
Event: 0.769 Executing VM operation: G1CollectForAllocation
Event: 0.772 Executing VM operation: G1CollectForAllocation done
Event: 0.845 Executing VM operation: HandshakeAllThreads
Event: 0.845 Executing VM operation: HandshakeAllThreads done
Event: 0.889 Executing VM operation: ICBufferFull
Event: 0.889 Executing VM operation: ICBufferFull done
Event: 0.951 Executing VM operation: HandshakeAllThreads
Event: 0.951 Executing VM operation: HandshakeAllThreads done

Events (20 events):
Event: 0.019 Thread 0x00000215421cecf0 Thread added: 0x00000215421cecf0
Event: 0.019 Thread 0x00000215421ddd40 Thread added: 0x00000215421ddd40
Event: 0.040 Thread 0x00000215421cb6e0 Thread added: 0x00000215421cb6e0
Event: 0.046 Thread 0x000002154660e3a0 Thread added: 0x000002154660e3a0
Event: 0.047 Thread 0x0000021546613e30 Thread added: 0x0000021546613e30
Event: 0.077 Thread 0x00000215467c5ff0 Thread added: 0x00000215467c5ff0
Event: 0.080 Thread 0x00000215468f68a0 Thread added: 0x00000215468f68a0
Event: 0.118 Thread 0x00000215421cbc30 Thread added: 0x00000215421cbc30
Event: 0.118 Thread 0x00000215421ca1a0 Thread added: 0x00000215421ca1a0
Event: 0.282 Thread 0x0000021546a10290 Thread added: 0x0000021546a10290
Event: 0.511 Thread 0x00000215473ed880 Thread added: 0x00000215473ed880
Event: 0.517 Thread 0x00000215478f29c0 Thread added: 0x00000215478f29c0
Event: 0.886 Thread 0x0000021548def490 Thread added: 0x0000021548def490
Event: 0.945 Thread 0x00000215421cc6d0 Thread added: 0x00000215421cc6d0
Event: 0.945 Thread 0x00000215421ccc20 Thread added: 0x00000215421ccc20
Event: 0.945 Thread 0x0000021549c2d7a0 Thread added: 0x0000021549c2d7a0
Event: 0.946 Thread 0x00000215421ccc20 Thread exited: 0x00000215421ccc20
Event: 0.946 Thread 0x0000021549c2d7a0 Thread exited: 0x0000021549c2d7a0
Event: 0.967 Thread 0x0000021549d65870 Thread added: 0x0000021549d65870
Event: 0.967 Thread 0x00000215491c7690 Thread added: 0x00000215491c7690


Dynamic libraries:
0x00007ff7d71c0000 - 0x00007ff7d71ce000 	C:\Users\ejkru\.jdks\jdk-20\bin\java.exe
0x00007ffac69d0000 - 0x00007ffac6be7000 	C:\Windows\SYSTEM32\ntdll.dll
0x00007ffac4e20000 - 0x00007ffac4ee4000 	C:\Windows\System32\KERNEL32.DLL
0x00007ffac4130000 - 0x00007ffac44d6000 	C:\Windows\System32\KERNELBASE.dll
0x00007ffac44e0000 - 0x00007ffac45f1000 	C:\Windows\System32\ucrtbase.dll
0x00007ffab0a90000 - 0x00007ffab0aab000 	C:\Users\ejkru\.jdks\jdk-20\bin\VCRUNTIME140.dll
0x00007ffab0ab0000 - 0x00007ffab0ac7000 	C:\Users\ejkru\.jdks\jdk-20\bin\jli.dll
0x00007ffac5460000 - 0x00007ffac560e000 	C:\Windows\System32\USER32.dll
0x00007ffaa75b0000 - 0x00007ffaa7843000 	C:\Windows\WinSxS\amd64_microsoft.windows.common-controls_6595b64144ccf1df_6.0.22621.2506_none_270c5ae97388e100\COMCTL32.dll
0x00007ffac3ef0000 - 0x00007ffac3f16000 	C:\Windows\System32\win32u.dll
0x00007ffac5610000 - 0x00007ffac56b7000 	C:\Windows\System32\msvcrt.dll
0x00007ffac48e0000 - 0x00007ffac4909000 	C:\Windows\System32\GDI32.dll
0x00007ffac4600000 - 0x00007ffac4718000 	C:\Windows\System32\gdi32full.dll
0x00007ffac4090000 - 0x00007ffac412a000 	C:\Windows\System32\msvcp_win.dll
0x00007ffac4d30000 - 0x00007ffac4d61000 	C:\Windows\System32\IMM32.DLL
0x00007ffab07a0000 - 0x00007ffab07ac000 	C:\Users\ejkru\.jdks\jdk-20\bin\vcruntime140_1.dll
0x00007ffa99250000 - 0x00007ffa992de000 	C:\Users\ejkru\.jdks\jdk-20\bin\msvcp140.dll
0x00007ffa267f0000 - 0x00007ffa27487000 	C:\Users\ejkru\.jdks\jdk-20\bin\server\jvm.dll
0x00007ffac4a70000 - 0x00007ffac4b23000 	C:\Windows\System32\ADVAPI32.dll
0x00007ffac5b50000 - 0x00007ffac5bf8000 	C:\Windows\System32\sechost.dll
0x00007ffac3e50000 - 0x00007ffac3e78000 	C:\Windows\System32\bcrypt.dll
0x00007ffac56c0000 - 0x00007ffac57d7000 	C:\Windows\System32\RPCRT4.dll
0x00007ffaaf520000 - 0x00007ffaaf554000 	C:\Windows\SYSTEM32\WINMM.dll
0x00007ffac1050000 - 0x00007ffac1059000 	C:\Windows\SYSTEM32\WSOCK32.dll
0x00007ffabc140000 - 0x00007ffabc14a000 	C:\Windows\SYSTEM32\VERSION.dll
0x00007ffac4720000 - 0x00007ffac4791000 	C:\Windows\System32\WS2_32.dll
0x00007ffac2d60000 - 0x00007ffac2d78000 	C:\Windows\SYSTEM32\kernel.appcore.dll
0x00007ffaa7370000 - 0x00007ffaa737a000 	C:\Users\ejkru\.jdks\jdk-20\bin\jimage.dll
0x00007ffabafb0000 - 0x00007ffabb1e3000 	C:\Windows\SYSTEM32\DBGHELP.DLL
0x00007ffac5c00000 - 0x00007ffac5f89000 	C:\Windows\System32\combase.dll
0x00007ffac47f0000 - 0x00007ffac48c7000 	C:\Windows\System32\OLEAUT32.dll
0x00007ffaba400000 - 0x00007ffaba432000 	C:\Windows\SYSTEM32\dbgcore.DLL
0x00007ffac3d10000 - 0x00007ffac3d8a000 	C:\Windows\System32\bcryptPrimitives.dll
0x00007ffaa4ef0000 - 0x00007ffaa4efe000 	C:\Users\ejkru\.jdks\jdk-20\bin\instrument.dll
0x00007ffaa5b40000 - 0x00007ffaa5b66000 	C:\Users\ejkru\.jdks\jdk-20\bin\java.dll
0x00007ffaa52a0000 - 0x00007ffaa52b8000 	C:\Users\ejkru\.jdks\jdk-20\bin\zip.dll
0x00007ffa99170000 - 0x00007ffa99247000 	C:\Users\ejkru\.jdks\jdk-20\bin\jsvml.dll
0x00007ffac5f90000 - 0x00007ffac67eb000 	C:\Windows\System32\SHELL32.dll
0x00007ffac1c30000 - 0x00007ffac2526000 	C:\Windows\SYSTEM32\windows.storage.dll
0x00007ffac1af0000 - 0x00007ffac1c2e000 	C:\Windows\SYSTEM32\wintypes.dll
0x00007ffac6800000 - 0x00007ffac68f3000 	C:\Windows\System32\SHCORE.dll
0x00007ffac4cd0000 - 0x00007ffac4d2e000 	C:\Windows\System32\shlwapi.dll
0x00007ffac3c40000 - 0x00007ffac3c66000 	C:\Windows\SYSTEM32\profapi.dll
0x00007ffaa5a80000 - 0x00007ffaa5a93000 	C:\Users\ejkru\.jdks\jdk-20\bin\net.dll
0x00007ffabdff0000 - 0x00007ffabe127000 	C:\Windows\SYSTEM32\WINHTTP.dll
0x00007ffac3280000 - 0x00007ffac32e9000 	C:\Windows\system32\mswsock.dll
0x00007ffaa52c0000 - 0x00007ffaa52d6000 	C:\Users\ejkru\.jdks\jdk-20\bin\nio.dll
0x00007ffaa4850000 - 0x00007ffaa486a000 	C:\Program Files\JetBrains\IntelliJ IDEA Community Edition 2023.3.2\bin\breakgen64.dll
0x00007ffaa4f00000 - 0x00007ffaa4f07000 	C:\Users\ejkru\.jdks\jdk-20\bin\extnet.dll

dbghelp: loaded successfully - version: 4.0.5 - missing functions: none
symbol engine: initialized successfully - sym options: 0x614 - pdb path: .;C:\Users\ejkru\.jdks\jdk-20\bin;C:\Windows\SYSTEM32;C:\Windows\WinSxS\amd64_microsoft.windows.common-controls_6595b64144ccf1df_6.0.22621.2506_none_270c5ae97388e100;C:\Users\ejkru\.jdks\jdk-20\bin\server;C:\Program Files\JetBrains\IntelliJ IDEA Community Edition 2023.3.2\bin

VM Arguments:
jvm_args: -ea -javaagent:C:\Users\ejkru\AppData\Local\JetBrains\IdeaIC2023.3\testAgent\intellij-coverage-agent-1.0.738.jar=C:\Users\ejkru\AppData\Local\Temp\coverage2163args -Didea.test.cyclic.buffer.size=1048576 -javaagent:C:\Program Files\JetBrains\IntelliJ IDEA Community Edition 2023.3.2\lib\idea_rt.jar=54650:C:\Program Files\JetBrains\IntelliJ IDEA Community Edition 2023.3.2\bin -Dfile.encoding=UTF-8 -Dsun.stdout.encoding=UTF-8 -Dsun.stderr.encoding=UTF-8 
java_command: com.intellij.rt.junit.JUnitStarter -ideVersion5 -junit5 game.GameTests
java_class_path (initial): C:\Users\ejkru\.m2\repository\org\junit\platform\junit-platform-launcher\1.10.1\junit-platform-launcher-1.10.1.jar;C:\Program Files\JetBrains\IntelliJ IDEA Community Edition 2023.3.2\lib\idea_rt.jar;C:\Program Files\JetBrains\IntelliJ IDEA Community Edition 2023.3.2\plugins\junit\lib\junit5-rt.jar;C:\Program Files\JetBrains\IntelliJ IDEA Community Edition 2023.3.2\plugins\junit\lib\junit-rt.jar;C:\Users\ejkru\OneDrive\23-24\2024 C\CS 4233\HexAround\HexAroundC24\out\test\Hexaround-C24;C:\Users\ejkru\OneDrive\23-24\2024 C\CS 4233\HexAround\HexAroundC24\out\production\Hexaround-C24;C:\Users\ejkru\.m2\repository\org\junit\jupiter\junit-jupiter\5.10.1\junit-jupiter-5.10.1.jar;C:\Users\ejkru\.m2\repository\org\junit\jupiter\junit-jupiter-api\5.10.1\junit-jupiter-api-5.10.1.jar;C:\Users\ejkru\.m2\repository\org\opentest4j\opentest4j\1.3.0\opentest4j-1.3.0.jar;C:\Users\ejkru\.m2\repository\org\junit\platform\junit-platform-commons\1.10.1\junit-platform-commons-1.10.1.jar;C:\Users\ejkru\.m2\repository\org\apiguardian\apiguardian-api\1.1.2\apiguardian-api-1.1.2.jar;C:\Users\ejkru\.m2\repository\org\junit\jupiter\junit-jupiter-params\5.10.1\junit-jupiter-params-5.10.1.jar;C:\Users\ejkru\.m2\repository\org\junit\jupiter\junit-jupiter-engine\5.10.1\junit-jupiter-engine-5.10.1.jar;C:\Users\ejkru\.m2\repository\org\junit\platform\junit-platform-engine\1.10.1\junit-platform-engine-1.10.1.jar;C:\Users\ejkru\.m2\repository\org\antlr\antlr4\4.13.1\antlr4-4.13.1.jar;C:\Users\ejkru\.m2\repository\org\antlr\antlr4-runtime\4.13.1\antlr4-runtime-4.13.1.jar;C:\Users\ejkru\.m2\repository\org\antlr\antlr-runtime\3.5.3\antlr-runtime-3.5.3.jar;C:\Users\ejkru\.m2\repository\org\antlr\ST4\4.3.4\ST4-4.3.4.jar;C:\Users\ejkru\.m2\repository\org\abego\treelayout\org.abego.treelayout.core\1.0.3\org.abego.treelayout.core-1.0.3.jar;C:\Users\ejkru\.m2\repository\com\ibm\icu\icu4j\72.1\icu4j-72.1.jar
Launcher Type: SUN_STANDARD

[Global flags]
     intx CICompilerCount                          = 12                                        {product} {ergonomic}
     uint ConcGCThreads                            = 3                                         {product} {ergonomic}
     uint G1ConcRefinementThreads                  = 13                                        {product} {ergonomic}
   size_t G1HeapRegionSize                         = 2097152                                   {product} {ergonomic}
    uintx GCDrainStackTargetSize                   = 64                                        {product} {ergonomic}
   size_t InitialHeapSize                          = 268435456                                 {product} {ergonomic}
   size_t MarkStackSize                            = 4194304                                   {product} {ergonomic}
   size_t MaxHeapSize                              = 4267704320                                {product} {ergonomic}
   size_t MaxNewSize                               = 2560622592                                {product} {ergonomic}
   size_t MinHeapDeltaBytes                        = 2097152                                   {product} {ergonomic}
   size_t MinHeapSize                              = 8388608                                   {product} {ergonomic}
    uintx NonNMethodCodeHeapSize                   = 7602480                                {pd product} {ergonomic}
    uintx NonProfiledCodeHeapSize                  = 122027880                              {pd product} {ergonomic}
    uintx ProfiledCodeHeapSize                     = 122027880                              {pd product} {ergonomic}
    uintx ReservedCodeCacheSize                    = 251658240                              {pd product} {ergonomic}
     bool SegmentedCodeCache                       = true                                      {product} {ergonomic}
   size_t SoftMaxHeapSize                          = 4267704320                             {manageable} {ergonomic}
     bool UseCompressedClassPointers               = true                           {product lp64_product} {ergonomic}
     bool UseCompressedOops                        = true                           {product lp64_product} {ergonomic}
     bool UseG1GC                                  = true                                      {product} {ergonomic}
     bool UseLargePagesIndividualAllocation        = false                                  {pd product} {ergonomic}

Logging:
Log output configuration:
 #0: stdout all=warning uptime,level,tags foldmultilines=false
 #1: stderr all=off uptime,level,tags foldmultilines=false

Environment Variables:
PATH=C:\Windows\system32;C:\Windows;C:\Windows\System32\Wbem;C:\Windows\System32\WindowsPowerShell\v1.0\;C:\Windows\System32\OpenSSH\;C:\Program Files (x86)\NVIDIA Corporation\PhysX\Common;C:\Program Files\NVIDIA Corporation\NVIDIA NvDLISR;C:\Program Files\MATLAB\R2023b\bin;C:\Program Files\Git\cmd;C:\Program Files\dotnet\;C:\Users\ejkru\AppData\Local\Microsoft\WindowsApps;;C:\Users\ejkru\AppData\Local\Programs\Microsoft VS Code\bin
USERNAME=ejkru
OS=Windows_NT
PROCESSOR_IDENTIFIER=AMD64 Family 25 Model 80 Stepping 0, AuthenticAMD
TMP=C:\Users\ejkru\AppData\Local\Temp
TEMP=C:\Users\ejkru\AppData\Local\Temp




---------------  S Y S T E M  ---------------

OS:
 Windows 11 , 64 bit Build 22621 (10.0.22621.3085)
OS uptime: 2 days 19:59 hours
Hyper-V role detected

CPU: total 16 (initial active 16) (16 cores per cpu, 2 threads per core) family 25 model 80 stepping 0 microcode 0x0, cx8, cmov, fxsr, ht, mmx, 3dnowpref, sse, sse2, sse3, ssse3, sse4a, sse4.1, sse4.2, popcnt, lzcnt, tsc, tscinvbit, avx, avx2, aes, erms, clmul, bmi1, bmi2, adx, sha, fma, vzeroupper, clflush, clflushopt, hv, rdtscp, rdpid, fsrm, f16c, cet_ss

Memory: 4k page, system-wide physical 16277M (4779M free)
TotalPageFile size 29077M (AvailPageFile size 9790M)
current process WorkingSet (physical memory assigned to process): 161M, peak: 163M
current process commit charge ("private bytes"): 432M, peak: 435M

vm_info: OpenJDK 64-Bit Server VM (20+36-2344) for windows-amd64 JRE (20+36-2344), built on 2023-02-10T19:30:15Z by "mach5one" with MS VC++ 17.1 (VS2022)

END.
